<?xml version="1.0" encoding="UTF-8"?>
<!-- Generated by org.testng.reporters.JUnitReportReporter -->
<testsuite hostname="DESKTOP-EAGL7Q4" failures="0" tests="1" name="cucumber.TestNGTestRunner" time="5.281" errors="0" timestamp="2023-08-11T01:03:01 MESZ" skipped="0">
  <testcase classname="cucumber.TestNGTestRunner" name="runScenario" time="5.281"/>
</testsuite> <!-- cucumber.TestNGTestRunner -->
