<?xml version="1.0" encoding="UTF-8"?>
<!-- Generated by org.testng.reporters.JUnitReportReporter -->
<testsuite hostname="DESKTOP-EAGL7Q4" failures="0" tests="2" name="harunaltunhwe.tests.LandingPageTest" time="6.491" errors="1" timestamp="2023-08-08T23:40:03 MESZ" skipped="1">
  <testcase classname="harunaltunhwe.tests.LandingPageTest" name="landingPage" time="2.594">
    <skipped/>
  </testcase> <!-- landingPage -->
  <testcase classname="harunaltunhwe.tests.LandingPageTest" name="landingPage" time="3.897">
    <error message="class harunaltunhwe.pageobjects.LandingPage (in unnamed module @0x31ef45e3) cannot access class com.sun.tools.javac.util.Assert (in module jdk.compiler) because module jdk.compiler does not export com.sun.tools.javac.util to unnamed module @0x31ef45e3" type="java.lang.IllegalAccessError">
      <![CDATA[java.lang.IllegalAccessError: class harunaltunhwe.pageobjects.LandingPage (in unnamed module @0x31ef45e3) cannot access class com.sun.tools.javac.util.Assert (in module jdk.compiler) because module jdk.compiler does not export com.sun.tools.javac.util to unnamed module @0x31ef45e3
at harunaltunhwe.pageobjects.LandingPage.enterPersonalData(LandingPage.java:81)
at harunaltunhwe.tests.LandingPageTest.landingPage(LandingPageTest.java:41)
at java.base/jdk.internal.reflect.NativeMethodAccessorImpl.invoke0(Native Method)
at java.base/jdk.internal.reflect.NativeMethodAccessorImpl.invoke(NativeMethodAccessorImpl.java:77)
at java.base/jdk.internal.reflect.DelegatingMethodAccessorImpl.invoke(DelegatingMethodAccessorImpl.java:43)
at java.base/java.lang.reflect.Method.invoke(Method.java:568)
at org.testng.internal.invokers.MethodInvocationHelper.invokeMethod(MethodInvocationHelper.java:139)
at org.testng.internal.invokers.TestInvoker.invokeMethod(TestInvoker.java:664)
at org.testng.internal.invokers.TestInvoker.retryFailed(TestInvoker.java:248)
at org.testng.internal.invokers.MethodRunner.runInSequence(MethodRunner.java:62)
at org.testng.internal.invokers.TestInvoker$MethodInvocationAgent.invoke(TestInvoker.java:957)
at org.testng.internal.invokers.TestInvoker.invokeTestMethods(TestInvoker.java:200)
at org.testng.internal.invokers.TestMethodWorker.invokeTestMethods(TestMethodWorker.java:148)
at org.testng.internal.invokers.TestMethodWorker.run(TestMethodWorker.java:128)
at java.base/java.util.ArrayList.forEach(ArrayList.java:1511)
at org.testng.TestRunner.privateRun(TestRunner.java:848)
at org.testng.TestRunner.run(TestRunner.java:621)
at org.testng.SuiteRunner.runTest(SuiteRunner.java:443)
at org.testng.SuiteRunner.runSequentially(SuiteRunner.java:437)
at org.testng.SuiteRunner.privateRun(SuiteRunner.java:397)
at org.testng.SuiteRunner.run(SuiteRunner.java:336)
at org.testng.SuiteRunnerWorker.runSuite(SuiteRunnerWorker.java:52)
at org.testng.SuiteRunnerWorker.run(SuiteRunnerWorker.java:95)
at org.testng.TestNG.runSuitesSequentially(TestNG.java:1280)
at org.testng.TestNG.runSuitesLocally(TestNG.java:1200)
at org.testng.TestNG.runSuites(TestNG.java:1114)
at org.testng.TestNG.run(TestNG.java:1082)
at org.testng.remote.AbstractRemoteTestNG.run(AbstractRemoteTestNG.java:115)
at org.testng.remote.RemoteTestNG.initAndRun(RemoteTestNG.java:251)
at org.testng.remote.RemoteTestNG.main(RemoteTestNG.java:77)
]]>
    </error>
  </testcase> <!-- landingPage -->
</testsuite> <!-- harunaltunhwe.tests.LandingPageTest -->
